{"/home/anhdiepmmk/Desktop/test-roo/src/config/env.ts": {"path":"/home/anhdiepmmk/Desktop/test-roo/src/config/env.ts","statementMap":{"0":{"start":{"line":1,"column":0},"end":{"line":1,"column":28}},"1":{"start":{"line":3,"column":0},"end":{"line":3,"column":16}},"2":{"start":{"line":5,"column":13},"end":{"line":5,"column":70}},"3":{"start":{"line":7,"column":13},"end":{"line":7,"column":64}},"4":{"start":{"line":8,"column":13},"end":{"line":8,"column":53}},"5":{"start":{"line":9,"column":13},"end":{"line":9,"column":57}},"6":{"start":{"line":10,"column":13},"end":{"line":10,"column":58}},"7":{"start":{"line":11,"column":13},"end":{"line":11,"column":51}},"8":{"start":{"line":12,"column":13},"end":{"line":12,"column":61}}},"fnMap":{},"branchMap":{"0":{"loc":{"start":{"line":5,"column":26},"end":{"line":5,"column":69}},"type":"binary-expr","locations":[{"start":{"line":5,"column":26},"end":{"line":5,"column":48}},{"start":{"line":5,"column":52},"end":{"line":5,"column":69}}]},"1":{"loc":{"start":{"line":7,"column":23},"end":{"line":7,"column":63}},"type":"binary-expr","locations":[{"start":{"line":7,"column":23},"end":{"line":7,"column":42}},{"start":{"line":7,"column":46},"end":{"line":7,"column":63}}]},"2":{"loc":{"start":{"line":8,"column":23},"end":{"line":8,"column":52}},"type":"binary-expr","locations":[{"start":{"line":8,"column":23},"end":{"line":8,"column":42}},{"start":{"line":8,"column":46},"end":{"line":8,"column":52}}]},"3":{"loc":{"start":{"line":9,"column":27},"end":{"line":9,"column":56}},"type":"binary-expr","locations":[{"start":{"line":9,"column":27},"end":{"line":9,"column":50}},{"start":{"line":9,"column":54},"end":{"line":9,"column":56}}]},"4":{"loc":{"start":{"line":10,"column":23},"end":{"line":10,"column":57}},"type":"binary-expr","locations":[{"start":{"line":10,"column":23},"end":{"line":10,"column":42}},{"start":{"line":10,"column":46},"end":{"line":10,"column":57}}]},"5":{"loc":{"start":{"line":11,"column":23},"end":{"line":11,"column":50}},"type":"binary-expr","locations":[{"start":{"line":11,"column":23},"end":{"line":11,"column":42}},{"start":{"line":11,"column":46},"end":{"line":11,"column":50}}]},"6":{"loc":{"start":{"line":12,"column":26},"end":{"line":12,"column":60}},"type":"binary-expr","locations":[{"start":{"line":12,"column":26},"end":{"line":12,"column":48}},{"start":{"line":12,"column":52},"end":{"line":12,"column":60}}]}},"s":{"0":2,"1":2,"2":2,"3":2,"4":2,"5":2,"6":2,"7":2,"8":2},"f":{},"b":{"0":[2,0],"1":[2,2],"2":[2,2],"3":[2,2],"4":[2,2],"5":[2,2],"6":[2,2]}}
,"/home/anhdiepmmk/Desktop/test-roo/src/controllers/todo.controller.ts": {"path":"/home/anhdiepmmk/Desktop/test-roo/src/controllers/todo.controller.ts","statementMap":{"0":{"start":{"line":2,"column":0},"end":{"line":2,"column":42}},"1":{"start":{"line":3,"column":0},"end":{"line":3,"column":51}},"2":{"start":{"line":4,"column":0},"end":{"line":4,"column":46}},"3":{"start":{"line":5,"column":0},"end":{"line":5,"column":58}},"4":{"start":{"line":7,"column":0},"end":{"line":116,"column":null}},"5":{"start":{"line":9,"column":43},"end":{"line":9,"column":56}},"6":{"start":{"line":13,"column":19},"end":{"line":13,"column":31}},"7":{"start":{"line":14,"column":17},"end":{"line":14,"column":44}},"8":{"start":{"line":15,"column":18},"end":{"line":15,"column":47}},"9":{"start":{"line":16,"column":19},"end":{"line":16,"column":37}},"10":{"start":{"line":18,"column":35},"end":{"line":21,"column":null}},"11":{"start":{"line":24,"column":4},"end":{"line":24,"column":61}},"12":{"start":{"line":71,"column":15},"end":{"line":71,"column":28}},"13":{"start":{"line":73,"column":19},"end":{"line":73,"column":31}},"14":{"start":{"line":74,"column":17},"end":{"line":74,"column":67}},"15":{"start":{"line":75,"column":4},"end":{"line":79,"column":5}},"16":{"start":{"line":76,"column":6},"end":{"line":76,"column":21}},"17":{"start":{"line":78,"column":6},"end":{"line":78,"column":55}},"18":{"start":{"line":83,"column":19},"end":{"line":83,"column":31}},"19":{"start":{"line":84,"column":20},"end":{"line":84,"column":73}},"20":{"start":{"line":85,"column":4},"end":{"line":85,"column":34}},"21":{"start":{"line":89,"column":15},"end":{"line":89,"column":28}},"22":{"start":{"line":90,"column":22},"end":{"line":90,"column":40}},"23":{"start":{"line":92,"column":19},"end":{"line":92,"column":31}},"24":{"start":{"line":93,"column":24},"end":{"line":96,"column":null}},"25":{"start":{"line":98,"column":4},"end":{"line":102,"column":5}},"26":{"start":{"line":99,"column":6},"end":{"line":99,"column":28}},"27":{"start":{"line":101,"column":6},"end":{"line":101,"column":55}},"28":{"start":{"line":106,"column":15},"end":{"line":106,"column":28}},"29":{"start":{"line":108,"column":19},"end":{"line":108,"column":31}},"30":{"start":{"line":109,"column":20},"end":{"line":109,"column":69}},"31":{"start":{"line":110,"column":4},"end":{"line":114,"column":5}},"32":{"start":{"line":111,"column":6},"end":{"line":111,"column":29}},"33":{"start":{"line":113,"column":6},"end":{"line":113,"column":55}},"34":{"start":{"line":8,"column":6},"end":{"line":116,"column":null}},"35":{"start":{"line":118,"column":0},"end":{"line":118,"column":30}}},"fnMap":{"0":{"name":"(anonymous_12)","decl":{"start":{"line":9,"column":2},"end":{"line":9,"column":15}},"loc":{"start":{"line":9,"column":67},"end":{"line":9,"column":71}}},"1":{"name":"(anonymous_13)","decl":{"start":{"line":11,"column":8},"end":{"line":11,"column":14}},"loc":{"start":{"line":11,"column":42},"end":{"line":25,"column":null}}},"2":{"name":"(anonymous_15)","decl":{"start":{"line":70,"column":8},"end":{"line":70,"column":15}},"loc":{"start":{"line":70,"column":43},"end":{"line":80,"column":null}}},"3":{"name":"(anonymous_17)","decl":{"start":{"line":82,"column":8},"end":{"line":82,"column":14}},"loc":{"start":{"line":82,"column":42},"end":{"line":86,"column":null}}},"4":{"name":"(anonymous_19)","decl":{"start":{"line":88,"column":8},"end":{"line":88,"column":14}},"loc":{"start":{"line":88,"column":42},"end":{"line":103,"column":null}}},"5":{"name":"(anonymous_21)","decl":{"start":{"line":105,"column":8},"end":{"line":105,"column":14}},"loc":{"start":{"line":105,"column":42},"end":{"line":115,"column":null}}}},"branchMap":{"0":{"loc":{"start":{"line":14,"column":17},"end":{"line":14,"column":44}},"type":"binary-expr","locations":[{"start":{"line":14,"column":17},"end":{"line":14,"column":39}},{"start":{"line":14,"column":43},"end":{"line":14,"column":44}}]},"1":{"loc":{"start":{"line":15,"column":18},"end":{"line":15,"column":47}},"type":"binary-expr","locations":[{"start":{"line":15,"column":18},"end":{"line":15,"column":41}},{"start":{"line":15,"column":45},"end":{"line":15,"column":47}}]},"2":{"loc":{"start":{"line":75,"column":4},"end":{"line":79,"column":5}},"type":"if","locations":[{"start":{"line":75,"column":4},"end":{"line":79,"column":5}},{"start":{"line":77,"column":11},"end":{"line":79,"column":5}}]},"3":{"loc":{"start":{"line":98,"column":4},"end":{"line":102,"column":5}},"type":"if","locations":[{"start":{"line":98,"column":4},"end":{"line":102,"column":5}},{"start":{"line":100,"column":11},"end":{"line":102,"column":5}}]},"4":{"loc":{"start":{"line":110,"column":4},"end":{"line":114,"column":5}},"type":"if","locations":[{"start":{"line":110,"column":4},"end":{"line":114,"column":5}},{"start":{"line":112,"column":11},"end":{"line":114,"column":5}}]}},"s":{"0":1,"1":1,"2":1,"3":1,"4":1,"5":8,"6":1,"7":1,"8":1,"9":1,"10":1,"11":1,"12":2,"13":2,"14":2,"15":2,"16":1,"17":1,"18":1,"19":1,"20":1,"21":2,"22":2,"23":2,"24":2,"25":2,"26":1,"27":1,"28":2,"29":2,"30":2,"31":2,"32":1,"33":1,"34":1,"35":1},"f":{"0":8,"1":1,"2":2,"3":1,"4":2,"5":2},"b":{"0":[1,1],"1":[1,1],"2":[1,1],"3":[1,1],"4":[1,1]}}
,"/home/anhdiepmmk/Desktop/test-roo/src/models/index.ts": {"path":"/home/anhdiepmmk/Desktop/test-roo/src/models/index.ts","statementMap":{"0":{"start":{"line":1,"column":0},"end":{"line":1,"column":7}},"1":{"start":{"line":5,"column":9},"end":{"line":1,"column":36}},"2":{"start":{"line":2,"column":0},"end":{"line":2,"column":7}},"3":{"start":{"line":5,"column":20},"end":{"line":2,"column":32}},"4":{"start":{"line":3,"column":0},"end":{"line":3,"column":7}},"5":{"start":{"line":5,"column":26},"end":{"line":3,"column":32}}},"fnMap":{},"branchMap":{},"s":{"0":2,"1":2,"2":2,"3":2,"4":2,"5":2},"f":{},"b":{}}
,"/home/anhdiepmmk/Desktop/test-roo/src/models/sequelize.ts": {"path":"/home/anhdiepmmk/Desktop/test-roo/src/models/sequelize.ts","statementMap":{"0":{"start":{"line":1,"column":0},"end":{"line":1,"column":47}},"1":{"start":{"line":2,"column":0},"end":{"line":2,"column":92}},"2":{"start":{"line":4,"column":24},"end":{"line":4,"column":61}},"3":{"start":{"line":8,"column":0},"end":{"line":24,"column":1}},"4":{"start":{"line":9,"column":2},"end":{"line":13,"column":5}},"5":{"start":{"line":12,"column":44},"end":{"line":12,"column":88}},"6":{"start":{"line":15,"column":2},"end":{"line":23,"column":5}},"7":{"start":{"line":26,"column":0},"end":{"line":26,"column":25}}},"fnMap":{"0":{"name":"(anonymous_0)","decl":{"start":{"line":12,"column":35},"end":{"line":12,"column":36}},"loc":{"start":{"line":12,"column":44},"end":{"line":12,"column":88}}}},"branchMap":{"0":{"loc":{"start":{"line":4,"column":24},"end":{"line":4,"column":61}},"type":"binary-expr","locations":[{"start":{"line":4,"column":24},"end":{"line":4,"column":44}},{"start":{"line":4,"column":48},"end":{"line":4,"column":61}}]},"1":{"loc":{"start":{"line":8,"column":0},"end":{"line":24,"column":1}},"type":"if","locations":[{"start":{"line":8,"column":0},"end":{"line":24,"column":1}},{"start":{"line":14,"column":7},"end":{"line":24,"column":1}}]},"2":{"loc":{"start":{"line":12,"column":13},"end":{"line":12,"column":96}},"type":"cond-expr","locations":[{"start":{"line":12,"column":35},"end":{"line":12,"column":88}},{"start":{"line":12,"column":91},"end":{"line":12,"column":96}}]}},"s":{"0":2,"1":2,"2":2,"3":2,"4":0,"5":0,"6":2,"7":2},"f":{"0":0},"b":{"0":[2,0],"1":[0,2],"2":[0,0]}}
,"/home/anhdiepmmk/Desktop/test-roo/src/models/todo.model.ts": {"path":"/home/anhdiepmmk/Desktop/test-roo/src/models/todo.model.ts","statementMap":{"0":{"start":{"line":1,"column":0},"end":{"line":1,"column":55}},"1":{"start":{"line":2,"column":0},"end":{"line":2,"column":43}},"2":{"start":{"line":24,"column":0},"end":{"line":50,"column":2}},"3":{"start":{"line":52,"column":0},"end":{"line":52,"column":20}}},"fnMap":{},"branchMap":{},"s":{"0":2,"1":2,"2":2,"3":2},"f":{},"b":{}}
,"/home/anhdiepmmk/Desktop/test-roo/src/models/user.model.ts": {"path":"/home/anhdiepmmk/Desktop/test-roo/src/models/user.model.ts","statementMap":{"0":{"start":{"line":1,"column":0},"end":{"line":1,"column":55}},"1":{"start":{"line":2,"column":0},"end":{"line":2,"column":36}},"2":{"start":{"line":3,"column":0},"end":{"line":3,"column":30}},"3":{"start":{"line":27,"column":4},"end":{"line":27,"column":55}},"4":{"start":{"line":31,"column":0},"end":{"line":65,"column":2}},"5":{"start":{"line":59,"column":35},"end":{"line":62,"column":null}},"6":{"start":{"line":60,"column":21},"end":{"line":60,"column":45}},"7":{"start":{"line":61,"column":8},"end":{"line":61,"column":71}},"8":{"start":{"line":67,"column":0},"end":{"line":67,"column":20}}},"fnMap":{"0":{"name":"(anonymous_8)","decl":{"start":{"line":26,"column":8},"end":{"line":26,"column":21}},"loc":{"start":{"line":26,"column":38},"end":{"line":28,"column":null}}},"1":{"name":"(anonymous_10)","decl":{"start":{"line":59,"column":20},"end":{"line":59,"column":27}},"loc":{"start":{"line":59,"column":35},"end":{"line":62,"column":null}}},"2":{"name":"(anonymous_11)","decl":{"start":{"line":59,"column":35},"end":{"line":59,"column":null}},"loc":{"start":{"line":59,"column":35},"end":{"line":62,"column":7}}}},"branchMap":{},"s":{"0":2,"1":2,"2":2,"3":0,"4":2,"5":0,"6":0,"7":0,"8":2},"f":{"0":0,"1":0,"2":0},"b":{}}
,"/home/anhdiepmmk/Desktop/test-roo/src/repositories/todo.repository.ts": {"path":"/home/anhdiepmmk/Desktop/test-roo/src/repositories/todo.repository.ts","statementMap":{"0":{"start":{"line":1,"column":0},"end":{"line":1,"column":38}},"1":{"start":{"line":2,"column":0},"end":{"line":2,"column":38}},"2":{"start":{"line":5,"column":0},"end":{"line":57,"column":null}},"3":{"start":{"line":7,"column":4},"end":{"line":13,"column":7}},"4":{"start":{"line":17,"column":4},"end":{"line":22,"column":7}},"5":{"start":{"line":26,"column":4},"end":{"line":26,"column":60}},"6":{"start":{"line":30,"column":17},"end":{"line":35,"column":6}},"7":{"start":{"line":36,"column":4},"end":{"line":40,"column":5}},"8":{"start":{"line":37,"column":6},"end":{"line":37,"column":33}},"9":{"start":{"line":38,"column":6},"end":{"line":38,"column":24}},"10":{"start":{"line":39,"column":6},"end":{"line":39,"column":18}},"11":{"start":{"line":41,"column":4},"end":{"line":41,"column":16}},"12":{"start":{"line":45,"column":17},"end":{"line":50,"column":6}},"13":{"start":{"line":51,"column":4},"end":{"line":54,"column":5}},"14":{"start":{"line":52,"column":6},"end":{"line":52,"column":27}},"15":{"start":{"line":53,"column":6},"end":{"line":53,"column":18}},"16":{"start":{"line":55,"column":4},"end":{"line":55,"column":17}},"17":{"start":{"line":5,"column":6},"end":{"line":57,"column":null}},"18":{"start":{"line":59,"column":0},"end":{"line":59,"column":30}}},"fnMap":{"0":{"name":"(anonymous_8)","decl":{"start":{"line":6,"column":8},"end":{"line":6,"column":14}},"loc":{"start":{"line":6,"column":60},"end":{"line":14,"column":null}}},"1":{"name":"(anonymous_10)","decl":{"start":{"line":16,"column":8},"end":{"line":16,"column":24}},"loc":{"start":{"line":16,"column":51},"end":{"line":23,"column":null}}},"2":{"name":"(anonymous_12)","decl":{"start":{"line":25,"column":8},"end":{"line":25,"column":14}},"loc":{"start":{"line":25,"column":44},"end":{"line":27,"column":null}}},"3":{"name":"(anonymous_14)","decl":{"start":{"line":29,"column":8},"end":{"line":29,"column":14}},"loc":{"start":{"line":29,"column":61},"end":{"line":42,"column":null}}},"4":{"name":"(anonymous_16)","decl":{"start":{"line":44,"column":8},"end":{"line":44,"column":14}},"loc":{"start":{"line":44,"column":41},"end":{"line":56,"column":null}}}},"branchMap":{"0":{"loc":{"start":{"line":36,"column":4},"end":{"line":40,"column":5}},"type":"if","locations":[{"start":{"line":36,"column":4},"end":{"line":40,"column":5}}]},"1":{"loc":{"start":{"line":51,"column":4},"end":{"line":54,"column":5}},"type":"if","locations":[{"start":{"line":51,"column":4},"end":{"line":54,"column":5}}]}},"s":{"0":3,"1":3,"2":3,"3":1,"4":1,"5":1,"6":2,"7":2,"8":1,"9":1,"10":1,"11":1,"12":2,"13":2,"14":1,"15":1,"16":1,"17":3,"18":3},"f":{"0":1,"1":1,"2":1,"3":2,"4":2},"b":{"0":[1],"1":[1]}}
,"/home/anhdiepmmk/Desktop/test-roo/src/services/todo.service.ts": {"path":"/home/anhdiepmmk/Desktop/test-roo/src/services/todo.service.ts","statementMap":{"0":{"start":{"line":1,"column":0},"end":{"line":1,"column":61}},"1":{"start":{"line":3,"column":0},"end":{"line":3,"column":46}},"2":{"start":{"line":5,"column":0},"end":{"line":28,"column":null}},"3":{"start":{"line":7,"column":46},"end":{"line":7,"column":62}},"4":{"start":{"line":10,"column":4},"end":{"line":10,"column":61}},"5":{"start":{"line":14,"column":4},"end":{"line":14,"column":60}},"6":{"start":{"line":18,"column":4},"end":{"line":18,"column":53}},"7":{"start":{"line":22,"column":4},"end":{"line":22,"column":61}},"8":{"start":{"line":26,"column":4},"end":{"line":26,"column":50}},"9":{"start":{"line":6,"column":6},"end":{"line":28,"column":null}},"10":{"start":{"line":30,"column":0},"end":{"line":30,"column":27}}},"fnMap":{"0":{"name":"(anonymous_12)","decl":{"start":{"line":7,"column":2},"end":{"line":7,"column":15}},"loc":{"start":{"line":7,"column":76},"end":{"line":7,"column":80}}},"1":{"name":"(anonymous_13)","decl":{"start":{"line":9,"column":8},"end":{"line":9,"column":14}},"loc":{"start":{"line":9,"column":60},"end":{"line":11,"column":null}}},"2":{"name":"(anonymous_15)","decl":{"start":{"line":13,"column":8},"end":{"line":13,"column":15}},"loc":{"start":{"line":13,"column":42},"end":{"line":15,"column":null}}},"3":{"name":"(anonymous_17)","decl":{"start":{"line":17,"column":8},"end":{"line":17,"column":14}},"loc":{"start":{"line":17,"column":44},"end":{"line":19,"column":null}}},"4":{"name":"(anonymous_19)","decl":{"start":{"line":21,"column":8},"end":{"line":21,"column":14}},"loc":{"start":{"line":21,"column":61},"end":{"line":23,"column":null}}},"5":{"name":"(anonymous_21)","decl":{"start":{"line":25,"column":8},"end":{"line":25,"column":14}},"loc":{"start":{"line":25,"column":41},"end":{"line":27,"column":null}}}},"branchMap":{},"s":{"0":2,"1":2,"2":2,"3":10,"4":2,"5":2,"6":2,"7":2,"8":2,"9":2,"10":2},"f":{"0":10,"1":2,"2":2,"3":2,"4":2,"5":2},"b":{}}
,"/home/anhdiepmmk/Desktop/test-roo/src/utils/pagination.ts": {"path":"/home/anhdiepmmk/Desktop/test-roo/src/utils/pagination.ts","statementMap":{"0":{"start":{"line":28,"column":9},"end":{"line":28,"column":28}},"1":{"start":{"line":17,"column":2},"end":{"line":25,"column":4}}},"fnMap":{"0":{"name":"getPaginationResult","decl":{"start":{"line":11,"column":9},"end":{"line":11,"column":28}},"loc":{"start":{"line":15,"column":15},"end":{"line":26,"column":1}}}},"branchMap":{},"s":{"0":1,"1":0},"f":{"0":0},"b":{}}
}
