{"/home/anhdiepmmk/Desktop/test-roo/src/config/config.ts": {"path":"/home/anhdiepmmk/Desktop/test-roo/src/config/config.ts","statementMap":{"0":{"start":{"line":1,"column":0},"end":{"line":1,"column":28}},"1":{"start":{"line":3,"column":0},"end":{"line":3,"column":16}},"2":{"start":{"line":5,"column":13},"end":{"line":5,"column":78}},"3":{"start":{"line":7,"column":13},"end":{"line":7,"column":72}},"4":{"start":{"line":8,"column":13},"end":{"line":8,"column":53}},"5":{"start":{"line":9,"column":13},"end":{"line":9,"column":57}},"6":{"start":{"line":10,"column":13},"end":{"line":10,"column":58}},"7":{"start":{"line":11,"column":13},"end":{"line":11,"column":51}},"8":{"start":{"line":12,"column":13},"end":{"line":12,"column":61}}},"fnMap":{},"branchMap":{"0":{"loc":{"start":{"line":5,"column":34},"end":{"line":5,"column":77}},"type":"binary-expr","locations":[{"start":{"line":5,"column":34},"end":{"line":5,"column":56}},{"start":{"line":5,"column":60},"end":{"line":5,"column":77}}]},"1":{"loc":{"start":{"line":7,"column":31},"end":{"line":7,"column":71}},"type":"binary-expr","locations":[{"start":{"line":7,"column":31},"end":{"line":7,"column":50}},{"start":{"line":7,"column":54},"end":{"line":7,"column":71}}]},"2":{"loc":{"start":{"line":8,"column":23},"end":{"line":8,"column":52}},"type":"binary-expr","locations":[{"start":{"line":8,"column":23},"end":{"line":8,"column":42}},{"start":{"line":8,"column":46},"end":{"line":8,"column":52}}]},"3":{"loc":{"start":{"line":9,"column":27},"end":{"line":9,"column":56}},"type":"binary-expr","locations":[{"start":{"line":9,"column":27},"end":{"line":9,"column":50}},{"start":{"line":9,"column":54},"end":{"line":9,"column":56}}]},"4":{"loc":{"start":{"line":10,"column":23},"end":{"line":10,"column":57}},"type":"binary-expr","locations":[{"start":{"line":10,"column":23},"end":{"line":10,"column":42}},{"start":{"line":10,"column":46},"end":{"line":10,"column":57}}]},"5":{"loc":{"start":{"line":11,"column":23},"end":{"line":11,"column":50}},"type":"binary-expr","locations":[{"start":{"line":11,"column":23},"end":{"line":11,"column":42}},{"start":{"line":11,"column":46},"end":{"line":11,"column":50}}]},"6":{"loc":{"start":{"line":12,"column":26},"end":{"line":12,"column":60}},"type":"binary-expr","locations":[{"start":{"line":12,"column":26},"end":{"line":12,"column":48}},{"start":{"line":12,"column":52},"end":{"line":12,"column":60}}]}},"s":{"0":1,"1":1,"2":1,"3":1,"4":1,"5":1,"6":1,"7":1,"8":1},"f":{},"b":{"0":[1,0],"1":[1,1],"2":[1,1],"3":[1,1],"4":[1,1],"5":[1,1],"6":[1,1]}}
,"/home/anhdiepmmk/Desktop/test-roo/src/config/env.ts": {"path":"/home/anhdiepmmk/Desktop/test-roo/src/config/env.ts","statementMap":{"0":{"start":{"line":1,"column":0},"end":{"line":1,"column":28}},"1":{"start":{"line":3,"column":0},"end":{"line":3,"column":16}},"2":{"start":{"line":5,"column":13},"end":{"line":5,"column":78}},"3":{"start":{"line":7,"column":13},"end":{"line":7,"column":72}},"4":{"start":{"line":8,"column":13},"end":{"line":8,"column":61}},"5":{"start":{"line":9,"column":13},"end":{"line":9,"column":65}},"6":{"start":{"line":10,"column":13},"end":{"line":10,"column":66}},"7":{"start":{"line":11,"column":13},"end":{"line":11,"column":67}},"8":{"start":{"line":12,"column":13},"end":{"line":12,"column":69}}},"fnMap":{},"branchMap":{"0":{"loc":{"start":{"line":5,"column":34},"end":{"line":5,"column":77}},"type":"binary-expr","locations":[{"start":{"line":5,"column":34},"end":{"line":5,"column":56}},{"start":{"line":5,"column":60},"end":{"line":5,"column":77}}]},"1":{"loc":{"start":{"line":7,"column":31},"end":{"line":7,"column":71}},"type":"binary-expr","locations":[{"start":{"line":7,"column":31},"end":{"line":7,"column":50}},{"start":{"line":7,"column":54},"end":{"line":7,"column":71}}]},"2":{"loc":{"start":{"line":8,"column":31},"end":{"line":8,"column":60}},"type":"binary-expr","locations":[{"start":{"line":8,"column":31},"end":{"line":8,"column":50}},{"start":{"line":8,"column":54},"end":{"line":8,"column":60}}]},"3":{"loc":{"start":{"line":9,"column":35},"end":{"line":9,"column":64}},"type":"binary-expr","locations":[{"start":{"line":9,"column":35},"end":{"line":9,"column":58}},{"start":{"line":9,"column":62},"end":{"line":9,"column":64}}]},"4":{"loc":{"start":{"line":10,"column":31},"end":{"line":10,"column":65}},"type":"binary-expr","locations":[{"start":{"line":10,"column":31},"end":{"line":10,"column":50}},{"start":{"line":10,"column":54},"end":{"line":10,"column":65}}]},"5":{"loc":{"start":{"line":11,"column":31},"end":{"line":11,"column":66}},"type":"binary-expr","locations":[{"start":{"line":11,"column":31},"end":{"line":11,"column":58}},{"start":{"line":11,"column":62},"end":{"line":11,"column":66}}]},"6":{"loc":{"start":{"line":12,"column":34},"end":{"line":12,"column":68}},"type":"binary-expr","locations":[{"start":{"line":12,"column":34},"end":{"line":12,"column":56}},{"start":{"line":12,"column":60},"end":{"line":12,"column":68}}]}},"s":{"0":3,"1":3,"2":3,"3":3,"4":3,"5":3,"6":3,"7":3,"8":3},"f":{},"b":{"0":[3,0],"1":[3,3],"2":[3,3],"3":[3,3],"4":[3,3],"5":[3,3],"6":[3,3]}}
,"/home/anhdiepmmk/Desktop/test-roo/src/controllers/__fixtures__/createMockContext.ts": {"path":"/home/anhdiepmmk/Desktop/test-roo/src/controllers/__fixtures__/createMockContext.ts","statementMap":{"0":{"start":{"line":3,"column":33},"end":{"line":18,"column":1}},"1":{"start":{"line":8,"column":2},"end":{"line":8,"column":91}},"2":{"start":{"line":9,"column":2},"end":{"line":14,"column":27}},"3":{"start":{"line":15,"column":2},"end":{"line":15,"column":39}},"4":{"start":{"line":17,"column":2},"end":{"line":17,"column":49}},"5":{"start":{"line":3,"column":13},"end":{"line":3,"column":33}}},"fnMap":{"0":{"name":"(anonymous_0)","decl":{"start":{"line":3,"column":33},"end":{"line":3,"column":36}},"loc":{"start":{"line":3,"column":38},"end":{"line":18,"column":1}}}},"branchMap":{},"s":{"0":1,"1":8,"2":8,"3":8,"4":8,"5":1},"f":{"0":8},"b":{}}
,"/home/anhdiepmmk/Desktop/test-roo/src/controllers/todo/todo.controller.ts": {"path":"/home/anhdiepmmk/Desktop/test-roo/src/controllers/todo/todo.controller.ts","statementMap":{"0":{"start":{"line":2,"column":0},"end":{"line":2,"column":42}},"1":{"start":{"line":4,"column":0},"end":{"line":4,"column":59}},"2":{"start":{"line":5,"column":0},"end":{"line":5,"column":46}},"3":{"start":{"line":8,"column":0},"end":{"line":126,"column":null}},"4":{"start":{"line":10,"column":43},"end":{"line":10,"column":56}},"5":{"start":{"line":14,"column":19},"end":{"line":14,"column":31}},"6":{"start":{"line":15,"column":17},"end":{"line":15,"column":44}},"7":{"start":{"line":16,"column":18},"end":{"line":16,"column":47}},"8":{"start":{"line":17,"column":19},"end":{"line":17,"column":37}},"9":{"start":{"line":19,"column":35},"end":{"line":22,"column":null}},"10":{"start":{"line":25,"column":53},"end":{"line":33,"column":6}},"11":{"start":{"line":34,"column":4},"end":{"line":34,"column":31}},"12":{"start":{"line":81,"column":15},"end":{"line":81,"column":28}},"13":{"start":{"line":83,"column":19},"end":{"line":83,"column":31}},"14":{"start":{"line":84,"column":17},"end":{"line":84,"column":67}},"15":{"start":{"line":85,"column":4},"end":{"line":89,"column":5}},"16":{"start":{"line":86,"column":6},"end":{"line":86,"column":21}},"17":{"start":{"line":88,"column":6},"end":{"line":88,"column":55}},"18":{"start":{"line":93,"column":19},"end":{"line":93,"column":31}},"19":{"start":{"line":94,"column":20},"end":{"line":94,"column":73}},"20":{"start":{"line":95,"column":4},"end":{"line":95,"column":34}},"21":{"start":{"line":99,"column":15},"end":{"line":99,"column":28}},"22":{"start":{"line":100,"column":22},"end":{"line":100,"column":40}},"23":{"start":{"line":102,"column":19},"end":{"line":102,"column":31}},"24":{"start":{"line":103,"column":24},"end":{"line":106,"column":null}},"25":{"start":{"line":108,"column":4},"end":{"line":112,"column":5}},"26":{"start":{"line":109,"column":6},"end":{"line":109,"column":28}},"27":{"start":{"line":111,"column":6},"end":{"line":111,"column":55}},"28":{"start":{"line":116,"column":15},"end":{"line":116,"column":28}},"29":{"start":{"line":118,"column":19},"end":{"line":118,"column":31}},"30":{"start":{"line":119,"column":20},"end":{"line":119,"column":69}},"31":{"start":{"line":120,"column":4},"end":{"line":124,"column":5}},"32":{"start":{"line":121,"column":6},"end":{"line":121,"column":29}},"33":{"start":{"line":123,"column":6},"end":{"line":123,"column":55}},"34":{"start":{"line":9,"column":6},"end":{"line":126,"column":null}},"35":{"start":{"line":128,"column":0},"end":{"line":128,"column":30}}},"fnMap":{"0":{"name":"(anonymous_12)","decl":{"start":{"line":10,"column":2},"end":{"line":10,"column":15}},"loc":{"start":{"line":10,"column":67},"end":{"line":10,"column":71}}},"1":{"name":"(anonymous_13)","decl":{"start":{"line":12,"column":8},"end":{"line":12,"column":14}},"loc":{"start":{"line":12,"column":42},"end":{"line":35,"column":null}}},"2":{"name":"(anonymous_15)","decl":{"start":{"line":80,"column":8},"end":{"line":80,"column":15}},"loc":{"start":{"line":80,"column":43},"end":{"line":90,"column":null}}},"3":{"name":"(anonymous_17)","decl":{"start":{"line":92,"column":8},"end":{"line":92,"column":14}},"loc":{"start":{"line":92,"column":42},"end":{"line":96,"column":null}}},"4":{"name":"(anonymous_19)","decl":{"start":{"line":98,"column":8},"end":{"line":98,"column":14}},"loc":{"start":{"line":98,"column":42},"end":{"line":113,"column":null}}},"5":{"name":"(anonymous_21)","decl":{"start":{"line":115,"column":8},"end":{"line":115,"column":14}},"loc":{"start":{"line":115,"column":42},"end":{"line":125,"column":null}}}},"branchMap":{"0":{"loc":{"start":{"line":15,"column":17},"end":{"line":15,"column":44}},"type":"binary-expr","locations":[{"start":{"line":15,"column":17},"end":{"line":15,"column":39}},{"start":{"line":15,"column":43},"end":{"line":15,"column":44}}]},"1":{"loc":{"start":{"line":16,"column":18},"end":{"line":16,"column":47}},"type":"binary-expr","locations":[{"start":{"line":16,"column":18},"end":{"line":16,"column":41}},{"start":{"line":16,"column":45},"end":{"line":16,"column":47}}]},"2":{"loc":{"start":{"line":85,"column":4},"end":{"line":89,"column":5}},"type":"if","locations":[{"start":{"line":85,"column":4},"end":{"line":89,"column":5}},{"start":{"line":87,"column":11},"end":{"line":89,"column":5}}]},"3":{"loc":{"start":{"line":108,"column":4},"end":{"line":112,"column":5}},"type":"if","locations":[{"start":{"line":108,"column":4},"end":{"line":112,"column":5}},{"start":{"line":110,"column":11},"end":{"line":112,"column":5}}]},"4":{"loc":{"start":{"line":120,"column":4},"end":{"line":124,"column":5}},"type":"if","locations":[{"start":{"line":120,"column":4},"end":{"line":124,"column":5}},{"start":{"line":122,"column":11},"end":{"line":124,"column":5}}]}},"s":{"0":1,"1":1,"2":1,"3":1,"4":8,"5":1,"6":1,"7":1,"8":1,"9":1,"10":1,"11":1,"12":2,"13":2,"14":2,"15":2,"16":1,"17":1,"18":1,"19":1,"20":1,"21":2,"22":2,"23":2,"24":2,"25":2,"26":1,"27":1,"28":2,"29":2,"30":2,"31":2,"32":1,"33":1,"34":1,"35":1},"f":{"0":8,"1":1,"2":2,"3":1,"4":2,"5":2},"b":{"0":[1,1],"1":[1,1],"2":[1,1],"3":[1,1],"4":[1,1]}}
,"/home/anhdiepmmk/Desktop/test-roo/src/models/index.ts": {"path":"/home/anhdiepmmk/Desktop/test-roo/src/models/index.ts","statementMap":{"0":{"start":{"line":1,"column":0},"end":{"line":1,"column":7}},"1":{"start":{"line":5,"column":9},"end":{"line":1,"column":36}},"2":{"start":{"line":2,"column":0},"end":{"line":2,"column":7}},"3":{"start":{"line":5,"column":20},"end":{"line":2,"column":32}},"4":{"start":{"line":3,"column":0},"end":{"line":3,"column":7}},"5":{"start":{"line":5,"column":26},"end":{"line":3,"column":32}}},"fnMap":{},"branchMap":{},"s":{"0":3,"1":3,"2":3,"3":3,"4":3,"5":3},"f":{},"b":{}}
,"/home/anhdiepmmk/Desktop/test-roo/src/models/sequelize.ts": {"path":"/home/anhdiepmmk/Desktop/test-roo/src/models/sequelize.ts","statementMap":{"0":{"start":{"line":1,"column":0},"end":{"line":1,"column":47}},"1":{"start":{"line":2,"column":0},"end":{"line":2,"column":92}},"2":{"start":{"line":4,"column":24},"end":{"line":4,"column":61}},"3":{"start":{"line":8,"column":0},"end":{"line":24,"column":1}},"4":{"start":{"line":9,"column":2},"end":{"line":13,"column":5}},"5":{"start":{"line":12,"column":44},"end":{"line":12,"column":88}},"6":{"start":{"line":15,"column":2},"end":{"line":23,"column":5}},"7":{"start":{"line":26,"column":0},"end":{"line":26,"column":25}}},"fnMap":{"0":{"name":"(anonymous_0)","decl":{"start":{"line":12,"column":35},"end":{"line":12,"column":36}},"loc":{"start":{"line":12,"column":44},"end":{"line":12,"column":88}}}},"branchMap":{"0":{"loc":{"start":{"line":4,"column":24},"end":{"line":4,"column":61}},"type":"binary-expr","locations":[{"start":{"line":4,"column":24},"end":{"line":4,"column":44}},{"start":{"line":4,"column":48},"end":{"line":4,"column":61}}]},"1":{"loc":{"start":{"line":8,"column":0},"end":{"line":24,"column":1}},"type":"if","locations":[{"start":{"line":8,"column":0},"end":{"line":24,"column":1}},{"start":{"line":14,"column":7},"end":{"line":24,"column":1}}]},"2":{"loc":{"start":{"line":12,"column":13},"end":{"line":12,"column":96}},"type":"cond-expr","locations":[{"start":{"line":12,"column":35},"end":{"line":12,"column":88}},{"start":{"line":12,"column":91},"end":{"line":12,"column":96}}]}},"s":{"0":3,"1":3,"2":3,"3":3,"4":0,"5":0,"6":3,"7":3},"f":{"0":0},"b":{"0":[3,0],"1":[0,3],"2":[0,0]}}
,"/home/anhdiepmmk/Desktop/test-roo/src/models/todo.model.ts": {"path":"/home/anhdiepmmk/Desktop/test-roo/src/models/todo.model.ts","statementMap":{"0":{"start":{"line":1,"column":0},"end":{"line":1,"column":55}},"1":{"start":{"line":2,"column":0},"end":{"line":2,"column":43}},"2":{"start":{"line":24,"column":0},"end":{"line":50,"column":2}},"3":{"start":{"line":52,"column":0},"end":{"line":52,"column":20}}},"fnMap":{},"branchMap":{},"s":{"0":3,"1":3,"2":3,"3":3},"f":{},"b":{}}
,"/home/anhdiepmmk/Desktop/test-roo/src/models/user.model.ts": {"path":"/home/anhdiepmmk/Desktop/test-roo/src/models/user.model.ts","statementMap":{"0":{"start":{"line":1,"column":0},"end":{"line":1,"column":55}},"1":{"start":{"line":2,"column":0},"end":{"line":2,"column":36}},"2":{"start":{"line":3,"column":0},"end":{"line":3,"column":30}},"3":{"start":{"line":27,"column":4},"end":{"line":27,"column":55}},"4":{"start":{"line":31,"column":0},"end":{"line":65,"column":2}},"5":{"start":{"line":59,"column":35},"end":{"line":62,"column":null}},"6":{"start":{"line":60,"column":21},"end":{"line":60,"column":45}},"7":{"start":{"line":61,"column":8},"end":{"line":61,"column":71}},"8":{"start":{"line":67,"column":0},"end":{"line":67,"column":20}}},"fnMap":{"0":{"name":"(anonymous_8)","decl":{"start":{"line":26,"column":8},"end":{"line":26,"column":21}},"loc":{"start":{"line":26,"column":38},"end":{"line":28,"column":null}}},"1":{"name":"(anonymous_10)","decl":{"start":{"line":59,"column":20},"end":{"line":59,"column":27}},"loc":{"start":{"line":59,"column":35},"end":{"line":62,"column":null}}},"2":{"name":"(anonymous_11)","decl":{"start":{"line":59,"column":35},"end":{"line":59,"column":null}},"loc":{"start":{"line":59,"column":35},"end":{"line":62,"column":7}}}},"branchMap":{},"s":{"0":3,"1":3,"2":3,"3":0,"4":3,"5":0,"6":0,"7":0,"8":3},"f":{"0":0,"1":0,"2":0},"b":{}}
,"/home/anhdiepmmk/Desktop/test-roo/src/repositories/todo.repository.ts": {"path":"/home/anhdiepmmk/Desktop/test-roo/src/repositories/todo.repository.ts","statementMap":{"0":{"start":{"line":1,"column":0},"end":{"line":1,"column":38}},"1":{"start":{"line":2,"column":0},"end":{"line":2,"column":38}},"2":{"start":{"line":5,"column":0},"end":{"line":57,"column":null}},"3":{"start":{"line":7,"column":4},"end":{"line":13,"column":7}},"4":{"start":{"line":17,"column":4},"end":{"line":22,"column":7}},"5":{"start":{"line":26,"column":4},"end":{"line":26,"column":60}},"6":{"start":{"line":30,"column":17},"end":{"line":35,"column":6}},"7":{"start":{"line":36,"column":4},"end":{"line":40,"column":5}},"8":{"start":{"line":37,"column":6},"end":{"line":37,"column":33}},"9":{"start":{"line":38,"column":6},"end":{"line":38,"column":24}},"10":{"start":{"line":39,"column":6},"end":{"line":39,"column":18}},"11":{"start":{"line":41,"column":4},"end":{"line":41,"column":16}},"12":{"start":{"line":45,"column":17},"end":{"line":50,"column":6}},"13":{"start":{"line":51,"column":4},"end":{"line":54,"column":5}},"14":{"start":{"line":52,"column":6},"end":{"line":52,"column":27}},"15":{"start":{"line":53,"column":6},"end":{"line":53,"column":18}},"16":{"start":{"line":55,"column":4},"end":{"line":55,"column":17}},"17":{"start":{"line":5,"column":6},"end":{"line":57,"column":null}},"18":{"start":{"line":59,"column":0},"end":{"line":59,"column":30}}},"fnMap":{"0":{"name":"(anonymous_8)","decl":{"start":{"line":6,"column":8},"end":{"line":6,"column":14}},"loc":{"start":{"line":6,"column":60},"end":{"line":14,"column":null}}},"1":{"name":"(anonymous_10)","decl":{"start":{"line":16,"column":8},"end":{"line":16,"column":24}},"loc":{"start":{"line":16,"column":51},"end":{"line":23,"column":null}}},"2":{"name":"(anonymous_12)","decl":{"start":{"line":25,"column":8},"end":{"line":25,"column":14}},"loc":{"start":{"line":25,"column":44},"end":{"line":27,"column":null}}},"3":{"name":"(anonymous_14)","decl":{"start":{"line":29,"column":8},"end":{"line":29,"column":14}},"loc":{"start":{"line":29,"column":61},"end":{"line":42,"column":null}}},"4":{"name":"(anonymous_16)","decl":{"start":{"line":44,"column":8},"end":{"line":44,"column":14}},"loc":{"start":{"line":44,"column":41},"end":{"line":56,"column":null}}}},"branchMap":{"0":{"loc":{"start":{"line":36,"column":4},"end":{"line":40,"column":5}},"type":"if","locations":[{"start":{"line":36,"column":4},"end":{"line":40,"column":5}}]},"1":{"loc":{"start":{"line":51,"column":4},"end":{"line":54,"column":5}},"type":"if","locations":[{"start":{"line":51,"column":4},"end":{"line":54,"column":5}}]}},"s":{"0":3,"1":3,"2":3,"3":1,"4":1,"5":1,"6":2,"7":2,"8":1,"9":1,"10":1,"11":1,"12":2,"13":2,"14":1,"15":1,"16":1,"17":3,"18":3},"f":{"0":1,"1":1,"2":1,"3":2,"4":2},"b":{"0":[1],"1":[1]}}
,"/home/anhdiepmmk/Desktop/test-roo/src/repositories/user.repository.ts": {"path":"/home/anhdiepmmk/Desktop/test-roo/src/repositories/user.repository.ts","statementMap":{"0":{"start":{"line":1,"column":0},"end":{"line":1,"column":38}},"1":{"start":{"line":2,"column":0},"end":{"line":2,"column":38}},"2":{"start":{"line":5,"column":0},"end":{"line":39,"column":null}},"3":{"start":{"line":7,"column":4},"end":{"line":7,"column":26}},"4":{"start":{"line":11,"column":4},"end":{"line":11,"column":29}},"5":{"start":{"line":15,"column":4},"end":{"line":15,"column":46}},"6":{"start":{"line":19,"column":4},"end":{"line":19,"column":69}},"7":{"start":{"line":23,"column":17},"end":{"line":23,"column":40}},"8":{"start":{"line":24,"column":4},"end":{"line":27,"column":5}},"9":{"start":{"line":25,"column":6},"end":{"line":25,"column":33}},"10":{"start":{"line":26,"column":6},"end":{"line":26,"column":18}},"11":{"start":{"line":28,"column":4},"end":{"line":28,"column":16}},"12":{"start":{"line":32,"column":17},"end":{"line":32,"column":40}},"13":{"start":{"line":33,"column":4},"end":{"line":36,"column":5}},"14":{"start":{"line":34,"column":6},"end":{"line":34,"column":27}},"15":{"start":{"line":35,"column":6},"end":{"line":35,"column":18}},"16":{"start":{"line":37,"column":4},"end":{"line":37,"column":17}},"17":{"start":{"line":5,"column":6},"end":{"line":39,"column":null}},"18":{"start":{"line":41,"column":0},"end":{"line":41,"column":30}}},"fnMap":{"0":{"name":"(anonymous_8)","decl":{"start":{"line":6,"column":8},"end":{"line":6,"column":14}},"loc":{"start":{"line":6,"column":14},"end":{"line":8,"column":null}}},"1":{"name":"(anonymous_10)","decl":{"start":{"line":10,"column":8},"end":{"line":10,"column":15}},"loc":{"start":{"line":10,"column":26},"end":{"line":12,"column":null}}},"2":{"name":"(anonymous_12)","decl":{"start":{"line":14,"column":8},"end":{"line":14,"column":18}},"loc":{"start":{"line":14,"column":32},"end":{"line":16,"column":null}}},"3":{"name":"(anonymous_14)","decl":{"start":{"line":18,"column":8},"end":{"line":18,"column":14}},"loc":{"start":{"line":18,"column":89},"end":{"line":20,"column":null}}},"4":{"name":"(anonymous_16)","decl":{"start":{"line":22,"column":8},"end":{"line":22,"column":14}},"loc":{"start":{"line":22,"column":49},"end":{"line":29,"column":null}}},"5":{"name":"(anonymous_18)","decl":{"start":{"line":31,"column":8},"end":{"line":31,"column":14}},"loc":{"start":{"line":31,"column":25},"end":{"line":38,"column":null}}}},"branchMap":{"0":{"loc":{"start":{"line":24,"column":4},"end":{"line":27,"column":5}},"type":"if","locations":[{"start":{"line":24,"column":4},"end":{"line":27,"column":5}}]},"1":{"loc":{"start":{"line":33,"column":4},"end":{"line":36,"column":5}},"type":"if","locations":[{"start":{"line":33,"column":4},"end":{"line":36,"column":5}}]}},"s":{"0":1,"1":1,"2":1,"3":0,"4":0,"5":0,"6":0,"7":0,"8":0,"9":0,"10":0,"11":0,"12":0,"13":0,"14":0,"15":0,"16":0,"17":1,"18":1},"f":{"0":0,"1":0,"2":0,"3":0,"4":0,"5":0},"b":{"0":[0],"1":[0]}}
,"/home/anhdiepmmk/Desktop/test-roo/src/services/logger.service.ts": {"path":"/home/anhdiepmmk/Desktop/test-roo/src/services/logger.service.ts","statementMap":{"0":{"start":{"line":1,"column":0},"end":{"line":1,"column":36}},"1":{"start":{"line":2,"column":0},"end":{"line":2,"column":38}},"2":{"start":{"line":4,"column":0},"end":{"line":40,"column":null}},"3":{"start":{"line":9,"column":4},"end":{"line":18,"column":7}},"4":{"start":{"line":22,"column":4},"end":{"line":22,"column":35}},"5":{"start":{"line":26,"column":4},"end":{"line":26,"column":41}},"6":{"start":{"line":30,"column":4},"end":{"line":30,"column":35}},"7":{"start":{"line":34,"column":4},"end":{"line":34,"column":36}},"8":{"start":{"line":38,"column":4},"end":{"line":38,"column":35}},"9":{"start":{"line":5,"column":6},"end":{"line":40,"column":null}},"10":{"start":{"line":42,"column":0},"end":{"line":42,"column":29}}},"fnMap":{"0":{"name":"(anonymous_3)","decl":{"start":{"line":8,"column":2},"end":{"line":8,"column":null}},"loc":{"start":{"line":8,"column":2},"end":{"line":19,"column":3}}},"1":{"name":"(anonymous_4)","decl":{"start":{"line":21,"column":2},"end":{"line":21,"column":5}},"loc":{"start":{"line":21,"column":33},"end":{"line":23,"column":3}}},"2":{"name":"(anonymous_5)","decl":{"start":{"line":25,"column":2},"end":{"line":25,"column":7}},"loc":{"start":{"line":25,"column":46},"end":{"line":27,"column":3}}},"3":{"name":"(anonymous_6)","decl":{"start":{"line":29,"column":2},"end":{"line":29,"column":6}},"loc":{"start":{"line":29,"column":34},"end":{"line":31,"column":3}}},"4":{"name":"(anonymous_7)","decl":{"start":{"line":33,"column":2},"end":{"line":33,"column":7}},"loc":{"start":{"line":33,"column":35},"end":{"line":35,"column":3}}},"5":{"name":"(anonymous_8)","decl":{"start":{"line":37,"column":2},"end":{"line":37,"column":6}},"loc":{"start":{"line":37,"column":34},"end":{"line":39,"column":3}}}},"branchMap":{"0":{"loc":{"start":{"line":10,"column":13},"end":{"line":10,"column":44}},"type":"binary-expr","locations":[{"start":{"line":10,"column":13},"end":{"line":10,"column":34}},{"start":{"line":10,"column":38},"end":{"line":10,"column":44}}]},"1":{"loc":{"start":{"line":11,"column":17},"end":{"line":17,"column":19}},"type":"cond-expr","locations":[{"start":{"line":11,"column":52},"end":{"line":17,"column":8}},{"start":{"line":17,"column":10},"end":{"line":17,"column":19}}]}},"s":{"0":1,"1":1,"2":1,"3":0,"4":0,"5":0,"6":0,"7":0,"8":0,"9":1,"10":1},"f":{"0":0,"1":0,"2":0,"3":0,"4":0,"5":0},"b":{"0":[0,0],"1":[0,0]}}
,"/home/anhdiepmmk/Desktop/test-roo/src/services/auth/auth.service.ts": {"path":"/home/anhdiepmmk/Desktop/test-roo/src/services/auth/auth.service.ts","statementMap":{"0":{"start":{"line":1,"column":0},"end":{"line":1,"column":46}},"1":{"start":{"line":3,"column":0},"end":{"line":3,"column":46}},"2":{"start":{"line":4,"column":0},"end":{"line":4,"column":64}},"3":{"start":{"line":5,"column":0},"end":{"line":5,"column":30}},"4":{"start":{"line":6,"column":0},"end":{"line":6,"column":31}},"5":{"start":{"line":7,"column":0},"end":{"line":7,"column":42}},"6":{"start":{"line":8,"column":0},"end":{"line":8,"column":45}},"7":{"start":{"line":11,"column":15},"end":{"line":75,"column":null}},"8":{"start":{"line":19,"column":4},"end":{"line":19,"column":39}},"9":{"start":{"line":20,"column":4},"end":{"line":20,"column":41}},"10":{"start":{"line":24,"column":4},"end":{"line":50,"column":5}},"11":{"start":{"line":25,"column":35},"end":{"line":25,"column":66}},"12":{"start":{"line":26,"column":40},"end":{"line":26,"column":83}},"13":{"start":{"line":28,"column":6},"end":{"line":30,"column":7}},"14":{"start":{"line":29,"column":8},"end":{"line":29,"column":65}},"15":{"start":{"line":32,"column":27},"end":{"line":36,"column":null}},"16":{"start":{"line":39,"column":30},"end":{"line":42,"column":10}},"17":{"start":{"line":43,"column":6},"end":{"line":43,"column":61}},"18":{"start":{"line":45,"column":6},"end":{"line":45,"column":38}},"19":{"start":{"line":46,"column":6},"end":{"line":48,"column":7}},"20":{"start":{"line":47,"column":8},"end":{"line":47,"column":20}},"21":{"start":{"line":49,"column":6},"end":{"line":49,"column":75}},"22":{"start":{"line":54,"column":4},"end":{"line":73,"column":5}},"23":{"start":{"line":55,"column":32},"end":{"line":55,"column":75}},"24":{"start":{"line":56,"column":6},"end":{"line":58,"column":7}},"25":{"start":{"line":57,"column":8},"end":{"line":57,"column":64}},"26":{"start":{"line":59,"column":39},"end":{"line":59,"column":89}},"27":{"start":{"line":60,"column":6},"end":{"line":62,"column":7}},"28":{"start":{"line":61,"column":8},"end":{"line":61,"column":64}},"29":{"start":{"line":63,"column":28},"end":{"line":65,"column":8}},"30":{"start":{"line":66,"column":6},"end":{"line":66,"column":58}},"31":{"start":{"line":68,"column":6},"end":{"line":68,"column":38}},"32":{"start":{"line":69,"column":6},"end":{"line":71,"column":7}},"33":{"start":{"line":70,"column":8},"end":{"line":70,"column":20}},"34":{"start":{"line":72,"column":6},"end":{"line":72,"column":67}},"35":{"start":{"line":11,"column":21},"end":{"line":75,"column":null}},"36":{"start":{"line":11,"column":21},"end":{"line":11,"column":null}}},"fnMap":{"0":{"name":"(anonymous_13)","decl":{"start":{"line":23,"column":8},"end":{"line":23,"column":16}},"loc":{"start":{"line":23,"column":87},"end":{"line":51,"column":null}}},"1":{"name":"(anonymous_15)","decl":{"start":{"line":53,"column":8},"end":{"line":53,"column":13}},"loc":{"start":{"line":53,"column":45},"end":{"line":74,"column":null}}}},"branchMap":{"0":{"loc":{"start":{"line":28,"column":6},"end":{"line":30,"column":7}},"type":"if","locations":[{"start":{"line":28,"column":6},"end":{"line":30,"column":7}}]},"1":{"loc":{"start":{"line":46,"column":6},"end":{"line":48,"column":7}},"type":"if","locations":[{"start":{"line":46,"column":6},"end":{"line":48,"column":7}}]},"2":{"loc":{"start":{"line":56,"column":6},"end":{"line":58,"column":7}},"type":"if","locations":[{"start":{"line":56,"column":6},"end":{"line":58,"column":7}}]},"3":{"loc":{"start":{"line":60,"column":6},"end":{"line":62,"column":7}},"type":"if","locations":[{"start":{"line":60,"column":6},"end":{"line":62,"column":7}}]},"4":{"loc":{"start":{"line":69,"column":6},"end":{"line":71,"column":7}},"type":"if","locations":[{"start":{"line":69,"column":6},"end":{"line":71,"column":7}}]}},"s":{"0":1,"1":1,"2":1,"3":1,"4":1,"5":1,"6":1,"7":1,"8":7,"9":7,"10":3,"11":3,"12":3,"13":2,"14":1,"15":1,"16":1,"17":1,"18":2,"19":2,"20":1,"21":1,"22":4,"23":4,"24":3,"25":1,"26":2,"27":2,"28":1,"29":1,"30":1,"31":3,"32":3,"33":2,"34":1,"35":1,"36":1},"f":{"0":3,"1":4},"b":{"0":[1],"1":[1],"2":[1],"3":[1],"4":[2]}}
,"/home/anhdiepmmk/Desktop/test-roo/src/services/todo/todo.service.ts": {"path":"/home/anhdiepmmk/Desktop/test-roo/src/services/todo/todo.service.ts","statementMap":{"0":{"start":{"line":1,"column":0},"end":{"line":1,"column":64}},"1":{"start":{"line":3,"column":0},"end":{"line":3,"column":46}},"2":{"start":{"line":5,"column":0},"end":{"line":28,"column":null}},"3":{"start":{"line":7,"column":46},"end":{"line":7,"column":62}},"4":{"start":{"line":10,"column":4},"end":{"line":10,"column":61}},"5":{"start":{"line":14,"column":4},"end":{"line":14,"column":60}},"6":{"start":{"line":18,"column":4},"end":{"line":18,"column":53}},"7":{"start":{"line":22,"column":4},"end":{"line":22,"column":61}},"8":{"start":{"line":26,"column":4},"end":{"line":26,"column":50}},"9":{"start":{"line":6,"column":6},"end":{"line":28,"column":null}},"10":{"start":{"line":30,"column":0},"end":{"line":30,"column":27}}},"fnMap":{"0":{"name":"(anonymous_12)","decl":{"start":{"line":7,"column":2},"end":{"line":7,"column":15}},"loc":{"start":{"line":7,"column":76},"end":{"line":7,"column":80}}},"1":{"name":"(anonymous_13)","decl":{"start":{"line":9,"column":8},"end":{"line":9,"column":14}},"loc":{"start":{"line":9,"column":60},"end":{"line":11,"column":null}}},"2":{"name":"(anonymous_15)","decl":{"start":{"line":13,"column":8},"end":{"line":13,"column":15}},"loc":{"start":{"line":13,"column":42},"end":{"line":15,"column":null}}},"3":{"name":"(anonymous_17)","decl":{"start":{"line":17,"column":8},"end":{"line":17,"column":14}},"loc":{"start":{"line":17,"column":44},"end":{"line":19,"column":null}}},"4":{"name":"(anonymous_19)","decl":{"start":{"line":21,"column":8},"end":{"line":21,"column":14}},"loc":{"start":{"line":21,"column":61},"end":{"line":23,"column":null}}},"5":{"name":"(anonymous_21)","decl":{"start":{"line":25,"column":8},"end":{"line":25,"column":14}},"loc":{"start":{"line":25,"column":41},"end":{"line":27,"column":null}}}},"branchMap":{},"s":{"0":2,"1":2,"2":2,"3":10,"4":2,"5":2,"6":2,"7":2,"8":2,"9":2,"10":2},"f":{"0":10,"1":2,"2":2,"3":2,"4":2,"5":2},"b":{}}
}
