TN:
SF:src/config/config.ts
FNF:0
FNH:0
DA:1,1
DA:3,1
DA:5,1
DA:7,1
DA:8,1
DA:9,1
DA:10,1
DA:11,1
DA:12,1
LF:9
LH:9
BRDA:5,0,0,1
BRDA:5,0,1,0
BRDA:7,1,0,1
BRDA:7,1,1,1
BRDA:8,2,0,1
BRDA:8,2,1,1
BRDA:9,3,0,1
BRDA:9,3,1,1
BRDA:10,4,0,1
BRDA:10,4,1,1
BRDA:11,5,0,1
BRDA:11,5,1,1
BRDA:12,6,0,1
BRDA:12,6,1,1
BRF:14
BRH:13
end_of_record
TN:
SF:src/config/env.ts
FNF:0
FNH:0
DA:1,3
DA:3,3
DA:5,3
DA:7,3
DA:8,3
DA:9,3
DA:10,3
DA:11,3
DA:12,3
LF:9
LH:9
BRDA:5,0,0,3
BRDA:5,0,1,0
BRDA:7,1,0,3
BRDA:7,1,1,3
BRDA:8,2,0,3
BRDA:8,2,1,3
BRDA:9,3,0,3
BRDA:9,3,1,3
BRDA:10,4,0,3
BRDA:10,4,1,3
BRDA:11,5,0,3
BRDA:11,5,1,3
BRDA:12,6,0,3
BRDA:12,6,1,3
BRF:14
BRH:13
end_of_record
TN:
SF:src/controllers/__fixtures__/createMockContext.ts
FN:3,(anonymous_0)
FNF:1
FNH:1
FNDA:8,(anonymous_0)
DA:3,1
DA:8,8
DA:9,8
DA:15,8
DA:17,8
LF:5
LH:5
BRF:0
BRH:0
end_of_record
TN:
SF:src/controllers/todo/todo.controller.ts
FN:10,(anonymous_12)
FN:12,(anonymous_13)
FN:80,(anonymous_15)
FN:92,(anonymous_17)
FN:98,(anonymous_19)
FN:115,(anonymous_21)
FNF:6
FNH:6
FNDA:8,(anonymous_12)
FNDA:1,(anonymous_13)
FNDA:2,(anonymous_15)
FNDA:1,(anonymous_17)
FNDA:2,(anonymous_19)
FNDA:2,(anonymous_21)
DA:2,1
DA:4,1
DA:5,1
DA:8,1
DA:9,1
DA:10,8
DA:14,1
DA:15,1
DA:16,1
DA:17,1
DA:19,1
DA:25,1
DA:34,1
DA:81,2
DA:83,2
DA:84,2
DA:85,2
DA:86,1
DA:88,1
DA:93,1
DA:94,1
DA:95,1
DA:99,2
DA:100,2
DA:102,2
DA:103,2
DA:108,2
DA:109,1
DA:111,1
DA:116,2
DA:118,2
DA:119,2
DA:120,2
DA:121,1
DA:123,1
DA:128,1
LF:36
LH:36
BRDA:15,0,0,1
BRDA:15,0,1,1
BRDA:16,1,0,1
BRDA:16,1,1,1
BRDA:85,2,0,1
BRDA:85,2,1,1
BRDA:108,3,0,1
BRDA:108,3,1,1
BRDA:120,4,0,1
BRDA:120,4,1,1
BRF:10
BRH:10
end_of_record
TN:
SF:src/models/index.ts
FNF:0
FNH:0
DA:1,3
DA:2,3
DA:3,3
DA:5,3
LF:4
LH:4
BRF:0
BRH:0
end_of_record
TN:
SF:src/models/sequelize.ts
FN:12,(anonymous_0)
FNF:1
FNH:0
FNDA:0,(anonymous_0)
DA:1,3
DA:2,3
DA:4,3
DA:8,3
DA:9,0
DA:12,0
DA:15,3
DA:26,3
LF:8
LH:6
BRDA:4,0,0,3
BRDA:4,0,1,0
BRDA:8,1,0,0
BRDA:8,1,1,3
BRDA:12,2,0,0
BRDA:12,2,1,0
BRF:6
BRH:2
end_of_record
TN:
SF:src/models/todo.model.ts
FNF:0
FNH:0
DA:1,3
DA:2,3
DA:24,3
DA:52,3
LF:4
LH:4
BRF:0
BRH:0
end_of_record
TN:
SF:src/models/user.model.ts
FN:26,(anonymous_8)
FN:59,(anonymous_10)
FN:59,(anonymous_11)
FNF:3
FNH:0
FNDA:0,(anonymous_8)
FNDA:0,(anonymous_10)
FNDA:0,(anonymous_11)
DA:1,3
DA:2,3
DA:3,3
DA:27,0
DA:31,3
DA:59,0
DA:60,0
DA:61,0
DA:67,3
LF:9
LH:5
BRF:0
BRH:0
end_of_record
TN:
SF:src/repositories/todo.repository.ts
FN:6,(anonymous_8)
FN:16,(anonymous_10)
FN:25,(anonymous_12)
FN:29,(anonymous_14)
FN:44,(anonymous_16)
FNF:5
FNH:5
FNDA:1,(anonymous_8)
FNDA:1,(anonymous_10)
FNDA:1,(anonymous_12)
FNDA:2,(anonymous_14)
FNDA:2,(anonymous_16)
DA:1,3
DA:2,3
DA:5,3
DA:7,1
DA:17,1
DA:26,1
DA:30,2
DA:36,2
DA:37,1
DA:38,1
DA:39,1
DA:41,1
DA:45,2
DA:51,2
DA:52,1
DA:53,1
DA:55,1
DA:59,3
LF:18
LH:18
BRDA:36,0,0,1
BRDA:51,1,0,1
BRF:2
BRH:2
end_of_record
TN:
SF:src/repositories/user.repository.ts
FN:6,(anonymous_8)
FN:10,(anonymous_10)
FN:14,(anonymous_12)
FN:18,(anonymous_14)
FN:22,(anonymous_16)
FN:31,(anonymous_18)
FNF:6
FNH:0
FNDA:0,(anonymous_8)
FNDA:0,(anonymous_10)
FNDA:0,(anonymous_12)
FNDA:0,(anonymous_14)
FNDA:0,(anonymous_16)
FNDA:0,(anonymous_18)
DA:1,1
DA:2,1
DA:5,1
DA:7,0
DA:11,0
DA:15,0
DA:19,0
DA:23,0
DA:24,0
DA:25,0
DA:26,0
DA:28,0
DA:32,0
DA:33,0
DA:34,0
DA:35,0
DA:37,0
DA:41,1
LF:18
LH:4
BRDA:24,0,0,0
BRDA:33,1,0,0
BRF:2
BRH:0
end_of_record
TN:
SF:src/services/logger.service.ts
FN:8,(anonymous_3)
FN:21,(anonymous_4)
FN:25,(anonymous_5)
FN:29,(anonymous_6)
FN:33,(anonymous_7)
FN:37,(anonymous_8)
FNF:6
FNH:0
FNDA:0,(anonymous_3)
FNDA:0,(anonymous_4)
FNDA:0,(anonymous_5)
FNDA:0,(anonymous_6)
FNDA:0,(anonymous_7)
FNDA:0,(anonymous_8)
DA:1,1
DA:2,1
DA:4,1
DA:5,1
DA:9,0
DA:22,0
DA:26,0
DA:30,0
DA:34,0
DA:38,0
DA:42,1
LF:11
LH:5
BRDA:10,0,0,0
BRDA:10,0,1,0
BRDA:11,1,0,0
BRDA:11,1,1,0
BRF:4
BRH:0
end_of_record
TN:
SF:src/services/auth/auth.service.ts
FN:23,(anonymous_13)
FN:53,(anonymous_15)
FNF:2
FNH:2
FNDA:3,(anonymous_13)
FNDA:4,(anonymous_15)
DA:1,1
DA:3,1
DA:4,1
DA:5,1
DA:6,1
DA:7,1
DA:8,1
DA:11,1
DA:19,7
DA:20,7
DA:24,3
DA:25,3
DA:26,3
DA:28,2
DA:29,1
DA:32,1
DA:39,1
DA:43,1
DA:45,2
DA:46,2
DA:47,1
DA:49,1
DA:54,4
DA:55,4
DA:56,3
DA:57,1
DA:59,2
DA:60,2
DA:61,1
DA:63,1
DA:66,1
DA:68,3
DA:69,3
DA:70,2
DA:72,1
LF:35
LH:35
BRDA:28,0,0,1
BRDA:46,1,0,1
BRDA:56,2,0,1
BRDA:60,3,0,1
BRDA:69,4,0,2
BRF:5
BRH:5
end_of_record
TN:
SF:src/services/todo/todo.service.ts
FN:7,(anonymous_12)
FN:9,(anonymous_13)
FN:13,(anonymous_15)
FN:17,(anonymous_17)
FN:21,(anonymous_19)
FN:25,(anonymous_21)
FNF:6
FNH:6
FNDA:10,(anonymous_12)
FNDA:2,(anonymous_13)
FNDA:2,(anonymous_15)
FNDA:2,(anonymous_17)
FNDA:2,(anonymous_19)
FNDA:2,(anonymous_21)
DA:1,2
DA:3,2
DA:5,2
DA:6,2
DA:7,10
DA:10,2
DA:14,2
DA:18,2
DA:22,2
DA:26,2
DA:30,2
LF:11
LH:11
BRF:0
BRH:0
end_of_record
