TN:
SF:src/config/env.ts
FNF:0
FNH:0
DA:1,2
DA:3,2
DA:5,2
DA:7,2
DA:8,2
DA:9,2
DA:10,2
DA:11,2
DA:12,2
LF:9
LH:9
BRDA:5,0,0,2
BRDA:5,0,1,0
BRDA:7,1,0,2
BRDA:7,1,1,2
BRDA:8,2,0,2
BRDA:8,2,1,2
BRDA:9,3,0,2
BRDA:9,3,1,2
BRDA:10,4,0,2
BRDA:10,4,1,2
BRDA:11,5,0,2
BRDA:11,5,1,2
BRDA:12,6,0,2
BRDA:12,6,1,2
BRF:14
BRH:13
end_of_record
TN:
SF:src/controllers/todo.controller.ts
FN:9,(anonymous_12)
FN:11,(anonymous_13)
FN:70,(anonymous_15)
FN:82,(anonymous_17)
FN:88,(anonymous_19)
FN:105,(anonymous_21)
FNF:6
FNH:6
FNDA:8,(anonymous_12)
FNDA:1,(anonymous_13)
FNDA:2,(anonymous_15)
FNDA:1,(anonymous_17)
FNDA:2,(anonymous_19)
FNDA:2,(anonymous_21)
DA:2,1
DA:3,1
DA:4,1
DA:5,1
DA:7,1
DA:8,1
DA:9,8
DA:13,1
DA:14,1
DA:15,1
DA:16,1
DA:18,1
DA:24,1
DA:71,2
DA:73,2
DA:74,2
DA:75,2
DA:76,1
DA:78,1
DA:83,1
DA:84,1
DA:85,1
DA:89,2
DA:90,2
DA:92,2
DA:93,2
DA:98,2
DA:99,1
DA:101,1
DA:106,2
DA:108,2
DA:109,2
DA:110,2
DA:111,1
DA:113,1
DA:118,1
LF:36
LH:36
BRDA:14,0,0,1
BRDA:14,0,1,1
BRDA:15,1,0,1
BRDA:15,1,1,1
BRDA:75,2,0,1
BRDA:75,2,1,1
BRDA:98,3,0,1
BRDA:98,3,1,1
BRDA:110,4,0,1
BRDA:110,4,1,1
BRF:10
BRH:10
end_of_record
TN:
SF:src/models/index.ts
FNF:0
FNH:0
DA:1,2
DA:2,2
DA:3,2
DA:5,2
LF:4
LH:4
BRF:0
BRH:0
end_of_record
TN:
SF:src/models/sequelize.ts
FN:12,(anonymous_0)
FNF:1
FNH:0
FNDA:0,(anonymous_0)
DA:1,2
DA:2,2
DA:4,2
DA:8,2
DA:9,0
DA:12,0
DA:15,2
DA:26,2
LF:8
LH:6
BRDA:4,0,0,2
BRDA:4,0,1,0
BRDA:8,1,0,0
BRDA:8,1,1,2
BRDA:12,2,0,0
BRDA:12,2,1,0
BRF:6
BRH:2
end_of_record
TN:
SF:src/models/todo.model.ts
FNF:0
FNH:0
DA:1,2
DA:2,2
DA:24,2
DA:52,2
LF:4
LH:4
BRF:0
BRH:0
end_of_record
TN:
SF:src/models/user.model.ts
FN:26,(anonymous_8)
FN:59,(anonymous_10)
FN:59,(anonymous_11)
FNF:3
FNH:0
FNDA:0,(anonymous_8)
FNDA:0,(anonymous_10)
FNDA:0,(anonymous_11)
DA:1,2
DA:2,2
DA:3,2
DA:27,0
DA:31,2
DA:59,0
DA:60,0
DA:61,0
DA:67,2
LF:9
LH:5
BRF:0
BRH:0
end_of_record
TN:
SF:src/repositories/todo.repository.ts
FN:6,(anonymous_8)
FN:16,(anonymous_10)
FN:25,(anonymous_12)
FN:29,(anonymous_14)
FN:44,(anonymous_16)
FNF:5
FNH:5
FNDA:1,(anonymous_8)
FNDA:1,(anonymous_10)
FNDA:1,(anonymous_12)
FNDA:2,(anonymous_14)
FNDA:2,(anonymous_16)
DA:1,3
DA:2,3
DA:5,3
DA:7,1
DA:17,1
DA:26,1
DA:30,2
DA:36,2
DA:37,1
DA:38,1
DA:39,1
DA:41,1
DA:45,2
DA:51,2
DA:52,1
DA:53,1
DA:55,1
DA:59,3
LF:18
LH:18
BRDA:36,0,0,1
BRDA:51,1,0,1
BRF:2
BRH:2
end_of_record
TN:
SF:src/services/todo.service.ts
FN:7,(anonymous_12)
FN:9,(anonymous_13)
FN:13,(anonymous_15)
FN:17,(anonymous_17)
FN:21,(anonymous_19)
FN:25,(anonymous_21)
FNF:6
FNH:6
FNDA:10,(anonymous_12)
FNDA:2,(anonymous_13)
FNDA:2,(anonymous_15)
FNDA:2,(anonymous_17)
FNDA:2,(anonymous_19)
FNDA:2,(anonymous_21)
DA:1,2
DA:3,2
DA:5,2
DA:6,2
DA:7,10
DA:10,2
DA:14,2
DA:18,2
DA:22,2
DA:26,2
DA:30,2
LF:11
LH:11
BRF:0
BRH:0
end_of_record
TN:
SF:src/utils/pagination.ts
FN:11,getPaginationResult
FNF:1
FNH:0
FNDA:0,getPaginationResult
DA:17,0
DA:28,1
LF:2
LH:1
BRF:0
BRH:0
end_of_record
